fuck1212
zalik1212
dfgafgafg
13092008
13092006
13091963
13082001
13081308
13072006
13071967123456789Z
1234567899876543
123456789123456
123456789101112
1234567890l
1234567890g
1234567890123
1234567812345678
123456654321a
123123qw
12311994
12291229
12131415q
12122007
12122006
12121956
12121313
12111948
12101962
12101960
12081957
12081956
12081953
12071954
12071953
12061959
12051960
12051956
13071964
13061967
13061961
13061957
13061954
13051969
13051952
13032002
13031999
13031951
1302alex1994
13021959
13021957
13021100
1301200510062006
10062001
10061955
10052001
10042010
10042008
10042000
10041957
10041954
10031950
10022007
10022006
10021956
10021955
10011959
0995359291
0987654a
09141974
13012002
sdgadsgADGSADGASD
ADGADSGASDGASDG
zalikmaka666